<?xml version="1.0" encoding="UTF-8"?>
<!-- Generated by org.testng.reporters.JUnitReportReporter -->
<testsuite hostname="Jainulasik14" failures="0" tests="1" name="org.Flows.Flows1" time="337.385" errors="0" timestamp="2024-11-26T13:09:07 IST" skipped="0">
  <testcase classname="org.Flows.Flows1" name="A_loginpage" time="337.385"/>
</testsuite> <!-- org.Flows.Flows1 -->
