<?xml version="1.0" encoding="UTF-8"?>
<!-- Generated by org.testng.reporters.JUnitReportReporter -->
<testsuite hostname="Jainulasik14" failures="0" tests="1" name="org.Flows.Flows12" time="501.396" errors="0" timestamp="2024-11-28T14:52:16 IST" skipped="0">
  <testcase classname="org.Flows.Flows12" name="A_loginpage" time="501.396"/>
</testsuite> <!-- org.Flows.Flows12 -->
