<?xml version="1.0" encoding="UTF-8"?>
<!-- Generated by org.testng.reporters.JUnitReportReporter -->
<testsuite hostname="Jainulasik14" failures="0" tests="1" name="org.Flows.Flow2" time="156.527" errors="0" timestamp="2024-11-26T13:13:51 IST" skipped="0">
  <testcase classname="org.Flows.Flow2" name="A_loginpage" time="156.527"/>
</testsuite> <!-- org.Flows.Flow2 -->
