<?xml version="1.0" encoding="UTF-8"?>
<!-- Generated by org.testng.reporters.JUnitReportReporter -->
<testsuite hostname="CDX-Asik-Laptop" failures="0" tests="1" name="org.Flows.Flows123" time="2.570" errors="0" timestamp="2025-09-15T11:50:57 IST" skipped="0">
  <testcase classname="org.Flows.Flows123" name="tc01" time="2.570"/>
</testsuite> <!-- org.Flows.Flows123 -->
